<?xml version="1.0" encoding="UTF-8"?>
<!-- Generated by org.testng.reporters.JUnitReportReporter -->
<testsuite hostname="G1L5CG1448W14" failures="0" tests="2" name="com.eq.runner.RunnerTest" time="0.156" errors="0" timestamp="2025-09-18T21:03:24 IST" skipped="0">
  <testcase classname="com.eq.runner.RunnerTest" name="runScenario" time="0.008"/>
  <testcase classname="com.eq.runner.RunnerTest" name="runScenario" time="0.148"/>
</testsuite> <!-- com.eq.runner.RunnerTest -->
